INFO Watching for file changes with StatReloader
INFO "GET /posts/search/ HTTP/1.1" 200 6659
INFO "GET /posts/13 HTTP/1.1" 200 2119
INFO "GET /posts/search/ HTTP/1.1" 200 6659
INFO C:\projects\new\news_portal\articles\views.py changed, reloading.
INFO Watching for file changes with StatReloader
INFO C:\projects\new\news_portal\articles\views.py changed, reloading.
INFO Watching for file changes with StatReloader
INFO "GET /posts/13 HTTP/1.1" 200 2119
INFO C:\projects\new\news_portal\news_portal\settings.py changed, reloading.
INFO Watching for file changes with StatReloader 2021-11-11 15:25:51,279
INFO "GET /posts/13 HTTP/1.1" 200 2119 2021-11-11 15:25:56,693
INFO "GET /posts/search/ HTTP/1.1" 200 6659 2021-11-11 15:26:03,322
INFO C:\projects\new\news_portal\news_portal\settings.py changed, reloading. 2021-11-11 15:26:40,521
INFO Watching for file changes with StatReloader 2021-11-11 15:26:44,655
INFO "GET /posts/12 HTTP/1.1" 200 2129 2021-11-11 15:26:46,355
INFO "GET /posts/search/ HTTP/1.1" 200 6659 2021-11-11 15:26:48,098
INFO "GET / HTTP/1.1" 200 2096 2021-11-11 15:26:49,841
INFO "GET /posts/search/ HTTP/1.1" 200 6659 2021-11-11 15:26:51,354
INFO C:\projects\new\news_portal\news_portal\settings.py changed, reloading. 2021-11-11 15:35:07,953
INFO Watching for file changes with StatReloader 2021-11-11 15:35:10,221
INFO C:\projects\new\news_portal\news_portal\settings.py changed, reloading. 2021-11-11 15:35:47,774
INFO Watching for file changes with StatReloader 2021-11-11 15:35:49,215
INFO C:\projects\new\news_portal\news_portal\settings.py changed, reloading. 2021-11-11 15:36:18,542
INFO Watching for file changes with StatReloader 2021-11-11 15:36:19,917
INFO C:\projects\new\news_portal\news_portal\settings.py changed, reloading. 2021-11-11 16:10:01,385
INFO Watching for file changes with StatReloader 2021-11-11 16:10:08,119
INFO C:\projects\new\news_portal\news_portal\settings.py changed, reloading. 2021-11-11 16:11:52,944
INFO Watching for file changes with StatReloader 2021-11-11 16:11:55,722
INFO C:\projects\new\news_portal\news_portal\settings.py changed, reloading. 2021-11-11 16:18:12,711
INFO Watching for file changes with StatReloader 2021-11-11 16:18:17,295
