Watching for file changes with StatReloader
C:\projects\new\news_portal\news_portal\settings.py changed, reloading.
Watching for file changes with StatReloader
C:\projects\new\news_portal\news_portal\settings.py changed, reloading.
Watching for file changes with StatReloader
C:\projects\new\news_portal\news_portal\settings.py changed, reloading.
2021-11-12 12:22:49,043 INFO autoreload Watching for file changes with StatReloader
2021-11-12 12:24:11,194 INFO autoreload C:\projects\new\news_portal\news_portal\settings.py changed, reloading.
2021-11-12 12:24:12,880 INFO autoreload Watching for file changes with StatReloader
2021-11-12 12:24:12,880 INFO autoreload Watching for file changes with StatReloader
2021-11-12 12:24:31,942 INFO autoreload C:\projects\new\news_portal\news_portal\settings.py changed, reloading.
2021-11-12 12:24:31,942 INFO autoreload C:\projects\new\news_portal\news_portal\settings.py changed, reloading.
2021-11-12 12:24:33,621 INFO autoreload Watching for file changes with StatReloader
2021-11-12 12:24:55,289 INFO autoreload C:\projects\new\news_portal\news_portal\settings.py changed, reloading.
2021-11-12 12:24:56,787 INFO autoreload Watching for file changes with StatReloader
2021-11-12 12:25:54,268 INFO autoreload C:\projects\new\news_portal\news_portal\settings.py changed, reloading.
2021-11-12 12:25:56,038 INFO autoreload Watching for file changes with StatReloader
2021-11-12 12:26:20,900 INFO autoreload C:\projects\new\news_portal\news_portal\settings.py changed, reloading.
2021-11-12 12:26:22,601 INFO autoreload Watching for file changes with StatReloader
2021-11-12 12:27:07,770 INFO autoreload C:\projects\new\news_portal\news_portal\settings.py changed, reloading.
2021-11-12 12:27:09,567 INFO autoreload Watching for file changes with StatReloader
2021-11-12 12:27:13,858 INFO autoreload C:\projects\new\news_portal\news_portal\settings.py changed, reloading.
2021-11-12 12:27:15,388 INFO autoreload Watching for file changes with StatReloader
2021-11-12 12:27:41,728 INFO autoreload C:\projects\new\news_portal\news_portal\settings.py changed, reloading.
2021-11-12 12:27:43,236 INFO autoreload Watching for file changes with StatReloader
2021-11-12 12:28:14,194 INFO autoreload C:\projects\new\news_portal\news_portal\settings.py changed, reloading.
2021-11-12 12:28:15,666 INFO autoreload Watching for file changes with StatReloader
2021-11-12 12:28:26,349 INFO autoreload C:\projects\new\news_portal\news_portal\settings.py changed, reloading.
2021-11-12 12:28:28,064 INFO autoreload Watching for file changes with StatReloader
2021-11-12 12:28:32,189 INFO autoreload C:\projects\new\news_portal\news_portal\settings.py changed, reloading.
2021-11-12 12:28:34,261 INFO autoreload Watching for file changes with StatReloader
2021-11-12 12:28:44,837 INFO autoreload C:\projects\new\news_portal\news_portal\settings.py changed, reloading.
2021-11-12 12:28:46,290 INFO autoreload Watching for file changes with StatReloader
2021-11-12 12:29:12,101 INFO autoreload C:\projects\new\news_portal\news_portal\settings.py changed, reloading.
2021-11-12 12:29:13,659 INFO autoreload Watching for file changes with StatReloader
2021-11-12 12:29:22,882 INFO autoreload C:\projects\new\news_portal\news_portal\settings.py changed, reloading.
2021-11-12 12:29:25,072 INFO autoreload Watching for file changes with StatReloader
2021-11-12 12:30:28,320 INFO autoreload C:\projects\new\news_portal\news_portal\settings.py changed, reloading.
2021-11-12 12:30:31,790 INFO autoreload Watching for file changes with StatReloader
2021-11-12 12:30:43,685 INFO autoreload C:\projects\new\news_portal\news_portal\settings.py changed, reloading.
2021-11-12 12:30:46,119 INFO autoreload Watching for file changes with StatReloader
2021-11-12 12:31:36,353 INFO autoreload C:\projects\new\news_portal\news_portal\settings.py changed, reloading.
2021-11-12 12:31:37,916 INFO autoreload Watching for file changes with StatReloader
2021-11-12 12:32:39,980 INFO autoreload C:\projects\new\news_portal\news_portal\settings.py changed, reloading.
2021-11-12 12:32:41,694 INFO autoreload Watching for file changes with StatReloader
2021-11-12 12:33:14,663 INFO autoreload C:\projects\new\news_portal\news_portal\settings.py changed, reloading.
2021-11-12 12:33:16,233 INFO autoreload Watching for file changes with StatReloader
2021-11-12 12:38:16,841 INFO autoreload C:\projects\new\news_portal\news_portal\settings.py changed, reloading.
2021-11-12 12:38:19,056 INFO autoreload Watching for file changes with StatReloader
2021-11-12 12:39:13,611 INFO autoreload C:\projects\new\news_portal\news_portal\settings.py changed, reloading.
2021-11-12 12:39:15,253 INFO autoreload Watching for file changes with StatReloader
2021-11-12 12:39:41,934 INFO autoreload C:\projects\new\news_portal\news_portal\settings.py changed, reloading.
2021-11-12 12:39:43,401 INFO autoreload Watching for file changes with StatReloader
2021-11-12 12:41:02,047 INFO autoreload C:\projects\new\news_portal\news_portal\settings.py changed, reloading.
2021-11-12 12:41:03,534 INFO autoreload Watching for file changes with StatReloader
2021-11-12 12:41:40,836 INFO autoreload C:\projects\new\news_portal\news_portal\settings.py changed, reloading.
2021-11-12 12:41:42,429 INFO autoreload Watching for file changes with StatReloader
2021-11-12 12:42:14,100 INFO autoreload C:\projects\new\news_portal\news_portal\settings.py changed, reloading.
2021-11-12 12:50:04,808 INFO autoreload Watching for file changes with StatReloader
2021-11-12 12:51:05,232 INFO autoreload C:\projects\new\news_portal\news_portal\settings.py changed, reloading.
2021-11-12 12:51:06,683 INFO autoreload Watching for file changes with StatReloader
2021-11-12 12:51:26,210 ERROR log Internal Server Error: /posts/mail/
Traceback (most recent call last):
  File "C:\projects\new\venv\lib\site-packages\django\core\handlers\exception.py", line 47, in inner
    response = get_response(request)
  File "C:\projects\new\venv\lib\site-packages\django\core\handlers\base.py", line 181, in _get_response
    response = wrapped_callback(request, *callback_args, **callback_kwargs)
  File "C:\projects\new\news_portal\articles\views.py", line 25, in test_mail
    print(f'Test mail{arequest}')
NameError: name 'arequest' is not defined
2021-11-12 12:51:51,990 INFO autoreload C:\projects\new\news_portal\articles\views.py changed, reloading.
2021-11-12 12:51:54,428 INFO autoreload Watching for file changes with StatReloader
2021-11-12 12:59:29,116 INFO autoreload C:\projects\new\news_portal\articles\views.py changed, reloading.
2021-11-12 12:59:31,574 INFO autoreload Watching for file changes with StatReloader
2021-11-12 12:59:45,452 ERROR log Internal Server Error: /posts/mail/
Traceback (most recent call last):
  File "C:\projects\new\venv\lib\site-packages\django\core\handlers\exception.py", line 47, in inner
    response = get_response(request)
  File "C:\projects\new\venv\lib\site-packages\django\core\handlers\base.py", line 181, in _get_response
    response = wrapped_callback(request, *callback_args, **callback_kwargs)
  File "C:\projects\new\news_portal\articles\views.py", line 25, in test_mail
    print(f'Test mail{arequest}')
NameError: name 'arequest' is not defined
2021-11-12 12:59:57,631 INFO autoreload C:\projects\new\news_portal\articles\views.py changed, reloading.
2021-11-12 13:00:09,558 INFO autoreload Watching for file changes with StatReloader
2021-11-12 13:05:35,574 INFO autoreload C:\projects\new\news_portal\articles\urls.py changed, reloading.
2021-11-12 13:05:38,653 INFO autoreload Watching for file changes with StatReloader
2021-11-16 13:58:46,569 INFO autoreload Watching for file changes with StatReloader
2021-11-16 13:59:19,925 WARNING log Not Found: /favicon.ico
2021-11-16 14:06:07,177 INFO autoreload Watching for file changes with StatReloader
2021-11-16 14:07:51,914 WARNING log Not Found: /favicon.ico
2021-11-16 14:16:36,501 INFO autoreload Watching for file changes with StatReloader
2021-11-16 14:17:27,248 INFO autoreload C:\projects\new\news_portal\news_portal\settings.py changed, reloading.
2021-11-16 14:17:29,420 INFO autoreload Watching for file changes with StatReloader
2021-11-16 14:18:34,491 INFO autoreload C:\projects\new\news_portal\news_portal\settings.py changed, reloading.
2021-11-16 14:18:36,601 INFO autoreload Watching for file changes with StatReloader
2021-11-16 14:25:51,716 INFO autoreload C:\projects\new\news_portal\articles\models.py changed, reloading.
2021-11-16 14:25:53,002 INFO autoreload Watching for file changes with StatReloader
2021-11-16 14:26:04,878 INFO autoreload C:\projects\new\news_portal\articles\models.py changed, reloading.
2021-11-16 14:26:06,901 INFO autoreload Watching for file changes with StatReloader
2021-11-16 14:32:11,632 INFO autoreload Watching for file changes with StatReloader
2021-11-16 14:35:15,037 INFO autoreload Watching for file changes with StatReloader
2021-11-16 14:35:35,034 INFO autoreload Watching for file changes with StatReloader
2021-11-16 14:44:09,790 INFO autoreload Watching for file changes with StatReloader
2021-11-16 14:46:21,359 INFO autoreload C:\projects\new\news_portal\news_portal\settings.py changed, reloading.
2021-11-16 14:46:23,024 INFO autoreload Watching for file changes with StatReloader
2021-11-16 14:46:38,611 INFO autoreload C:\projects\new\news_portal\news_portal\settings.py changed, reloading.
2021-11-16 14:46:40,158 INFO autoreload Watching for file changes with StatReloader
2021-11-16 14:51:46,484 INFO autoreload C:\projects\new\news_portal\news_portal\settings.py changed, reloading.
2021-11-16 14:51:48,234 INFO autoreload Watching for file changes with StatReloader
2021-11-18 16:45:48,982 INFO autoreload Watching for file changes with StatReloader
2021-11-18 16:46:01,993 WARNING log Not Found: /favicon.ico
2021-11-18 17:02:16,886 INFO autoreload Watching for file changes with StatReloader
2021-11-18 17:03:13,922 INFO autoreload Watching for file changes with StatReloader
2021-11-19 10:54:20,351 INFO autoreload C:\projects\new\news_portal\news_portal\settings.py changed, reloading.
2021-11-19 10:54:25,568 INFO autoreload Watching for file changes with StatReloader
2021-11-19 10:54:31,621 INFO autoreload C:\projects\new\news_portal\news_portal\settings.py changed, reloading.
2021-11-19 11:13:14,614 INFO autoreload Watching for file changes with StatReloader
2021-11-19 11:16:07,014 INFO autoreload C:\projects\new\news_portal\articles\views.py changed, reloading.
2021-11-19 11:16:08,985 INFO autoreload Watching for file changes with StatReloader
2021-11-19 11:16:32,500 INFO autoreload C:\projects\new\news_portal\articles\views.py changed, reloading.
2021-11-19 11:16:33,927 INFO autoreload Watching for file changes with StatReloader
2021-11-19 11:17:18,267 INFO autoreload C:\projects\new\news_portal\articles\views.py changed, reloading.
2021-11-19 11:17:20,784 INFO autoreload Watching for file changes with StatReloader
2021-11-19 11:17:24,657 INFO autoreload C:\projects\new\news_portal\articles\views.py changed, reloading.
2021-11-19 11:17:27,531 INFO autoreload Watching for file changes with StatReloader
2021-11-19 11:18:19,544 INFO autoreload C:\projects\new\news_portal\articles\views.py changed, reloading.
2021-11-19 11:18:21,161 INFO autoreload Watching for file changes with StatReloader
2021-11-19 11:18:50,800 INFO autoreload C:\projects\new\news_portal\articles\urls.py changed, reloading.
2021-11-19 11:18:53,220 INFO autoreload Watching for file changes with StatReloader
2021-11-19 11:20:09,272 INFO autoreload C:\projects\new\news_portal\articles\views.py changed, reloading.
2021-11-19 11:20:11,454 INFO autoreload Watching for file changes with StatReloader
2021-11-19 11:20:46,096 INFO autoreload C:\projects\new\news_portal\news_portal\settings.py changed, reloading.
2021-11-19 11:20:48,153 INFO autoreload Watching for file changes with StatReloader
2021-11-19 11:26:43,141 INFO autoreload C:\projects\new\news_portal\news_portal\urls.py changed, reloading.
2021-11-19 11:26:45,936 INFO autoreload Watching for file changes with StatReloader
2021-11-19 11:27:33,442 INFO autoreload C:\projects\new\news_portal\news_portal\settings.py changed, reloading.
2021-11-19 11:27:36,178 INFO autoreload Watching for file changes with StatReloader
2021-11-19 11:27:58,770 INFO autoreload C:\projects\new\news_portal\news_portal\settings.py changed, reloading.
2021-11-19 11:28:00,278 INFO autoreload Watching for file changes with StatReloader
2021-11-19 11:28:40,222 INFO autoreload C:\projects\new\news_portal\news_portal\settings.py changed, reloading.
2021-11-19 11:28:43,096 INFO autoreload Watching for file changes with StatReloader
2021-11-19 11:30:27,001 INFO autoreload Watching for file changes with StatReloader
2021-11-19 11:34:12,611 WARNING log Not Found: /posts/search/ru/
2021-11-19 11:35:00,471 INFO autoreload C:\projects\new\news_portal\articles\urls.py changed, reloading.
2021-11-19 11:35:02,838 INFO autoreload Watching for file changes with StatReloader
2021-11-19 11:35:36,509 INFO autoreload Watching for file changes with StatReloader
2021-11-19 11:35:57,265 INFO autoreload C:\projects\new\news_portal\news_portal\settings.py changed, reloading.
2021-11-19 11:36:00,826 INFO autoreload Watching for file changes with StatReloader
2021-11-19 11:36:44,764 INFO autoreload C:\projects\new\news_portal\articles\urls.py changed, reloading.
2021-11-19 11:36:46,845 INFO autoreload Watching for file changes with StatReloader
2021-11-19 11:37:10,938 INFO autoreload C:\projects\new\news_portal\news_portal\settings.py changed, reloading.
2021-11-19 11:37:12,711 INFO autoreload Watching for file changes with StatReloader
2021-11-19 11:37:29,851 INFO autoreload C:\projects\new\news_portal\news_portal\settings.py changed, reloading.
2021-11-19 11:37:31,475 INFO autoreload Watching for file changes with StatReloader
2021-11-19 11:39:10,826 INFO autoreload Watching for file changes with StatReloader
2021-11-19 11:49:30,655 INFO autoreload C:\projects\new\news_portal\articles\views.py changed, reloading.
2021-11-19 11:49:33,822 INFO autoreload Watching for file changes with StatReloader
2021-11-19 11:49:37,182 INFO autoreload C:\projects\new\news_portal\articles\views.py changed, reloading.
2021-11-19 11:49:38,884 INFO autoreload Watching for file changes with StatReloader
2021-11-19 11:49:50,079 INFO autoreload C:\projects\new\news_portal\articles\views.py changed, reloading.
2021-11-19 11:49:51,823 INFO autoreload Watching for file changes with StatReloader
2021-11-19 11:50:06,155 INFO autoreload C:\projects\new\news_portal\articles\views.py changed, reloading.
2021-11-19 11:50:07,662 INFO autoreload Watching for file changes with StatReloader
2021-11-19 11:50:23,192 INFO autoreload C:\projects\new\news_portal\articles\views.py changed, reloading.
2021-11-19 11:50:24,701 INFO autoreload Watching for file changes with StatReloader
2021-11-19 11:51:27,700 INFO autoreload C:\projects\new\news_portal\articles\views.py changed, reloading.
2021-11-19 11:51:29,148 INFO autoreload Watching for file changes with StatReloader
2021-11-19 11:51:50,446 INFO autoreload C:\projects\new\news_portal\articles\urls.py changed, reloading.
2021-11-19 11:51:52,312 INFO autoreload Watching for file changes with StatReloader
2021-11-19 12:03:02,626 INFO autoreload C:\projects\new\news_portal\news_portal\settings.py changed, reloading.
2021-11-19 12:03:05,038 INFO autoreload Watching for file changes with StatReloader
2021-11-19 12:03:37,258 WARNING log Not Found: /posts/translatre/ru
2021-11-19 12:07:56,740 INFO autoreload C:\projects\new\news_portal\articles\models.py changed, reloading.
2021-11-19 12:07:58,374 INFO autoreload Watching for file changes with StatReloader
2021-11-19 12:08:18,890 INFO autoreload C:\projects\new\news_portal\articles\models.py changed, reloading.
2021-11-19 12:08:20,865 INFO autoreload Watching for file changes with StatReloader
2021-11-19 12:08:38,701 INFO autoreload C:\projects\new\news_portal\articles\models.py changed, reloading.
2021-11-19 12:08:40,836 INFO autoreload Watching for file changes with StatReloader
2021-11-19 12:13:43,033 INFO autoreload C:\projects\new\news_portal\articles\views.py changed, reloading.
2021-11-19 12:13:47,825 INFO autoreload Watching for file changes with StatReloader
2021-11-19 12:24:58,853 INFO autoreload C:\projects\new\news_portal\news_portal\settings.py changed, reloading.
2021-11-19 12:25:01,250 INFO autoreload Watching for file changes with StatReloader
2021-11-19 12:25:49,562 INFO autoreload C:\projects\new\news_portal\news_portal\settings.py changed, reloading.
2021-11-19 12:25:51,279 INFO autoreload Watching for file changes with StatReloader
2021-11-19 12:34:57,250 INFO autoreload Watching for file changes with StatReloader
